<?xml version="1.0" encoding="UTF-8"?>
<testsuite xmlns:xsi="http://www.w3.org/2001/XMLSchema-instance" xsi:noNamespaceSchemaLocation="https://maven.apache.org/surefire/maven-surefire-plugin/xsd/surefire-test-report.xsd" version="3.0.2" name="TestSuite" time="3.997" tests="1" errors="0" skipped="0" failures="1">
  <properties>
    <property name="java.specification.version" value="23"/>
    <property name="sun.cpu.isalist" value="amd64"/>
    <property name="sun.jnu.encoding" value="Cp1252"/>
    <property name="java.class.path" value="C:\Users\DELL\OneDrive\Documentos\Crowdar - Api testing - Practice\pruebas-api-bdd\target\test-classes;C:\Users\DELL\OneDrive\Documentos\Crowdar - Api testing - Practice\pruebas-api-bdd\target\classes;C:\Users\DELL\.m2\repository\net\java\dev\jna\jna\5.15.0\jna-5.15.0.jar;C:\Users\DELL\.m2\repository\org\hamcrest\hamcrest\2.2\hamcrest-2.2.jar;C:\Users\DELL\.m2\repository\io\rest-assured\rest-assured\5.5.0\rest-assured-5.5.0.jar;C:\Users\DELL\.m2\repository\org\apache\groovy\groovy\4.0.22\groovy-4.0.22.jar;C:\Users\DELL\.m2\repository\org\apache\groovy\groovy-xml\4.0.22\groovy-xml-4.0.22.jar;C:\Users\DELL\.m2\repository\org\apache\httpcomponents\httpclient\4.5.13\httpclient-4.5.13.jar;C:\Users\DELL\.m2\repository\org\apache\httpcomponents\httpcore\4.4.13\httpcore-4.4.13.jar;C:\Users\DELL\.m2\repository\commons-logging\commons-logging\1.2\commons-logging-1.2.jar;C:\Users\DELL\.m2\repository\commons-codec\commons-codec\1.11\commons-codec-1.11.jar;C:\Users\DELL\.m2\repository\org\apache\httpcomponents\httpmime\4.5.13\httpmime-4.5.13.jar;C:\Users\DELL\.m2\repository\org\ccil\cowan\tagsoup\tagsoup\1.2.1\tagsoup-1.2.1.jar;C:\Users\DELL\.m2\repository\io\rest-assured\json-path\5.5.0\json-path-5.5.0.jar;C:\Users\DELL\.m2\repository\org\apache\groovy\groovy-json\4.0.22\groovy-json-4.0.22.jar;C:\Users\DELL\.m2\repository\io\rest-assured\rest-assured-common\5.5.0\rest-assured-common-5.5.0.jar;C:\Users\DELL\.m2\repository\io\rest-assured\xml-path\5.5.0\xml-path-5.5.0.jar;C:\Users\DELL\.m2\repository\io\lippia\core\3.3.0.2\core-3.3.0.2.jar;C:\Users\DELL\.m2\repository\org\json\json\20190722\json-20190722.jar;C:\Users\DELL\.m2\repository\io\cucumber\cucumber-java8\4.7.4\cucumber-java8-4.7.4.jar;C:\Users\DELL\.m2\repository\net\jodah\typetools\0.5.0\typetools-0.5.0.jar;C:\Users\DELL\.m2\repository\org\reflections\reflections\0.9.10\reflections-0.9.10.jar;C:\Users\DELL\.m2\repository\org\javassist\javassist\3.19.0-GA\javassist-3.19.0-GA.jar;C:\Users\DELL\.m2\repository\com\google\code\findbugs\annotations\2.0.1\annotations-2.0.1.jar;C:\Users\DELL\.m2\repository\org\jasypt\jasypt\1.9.0\jasypt-1.9.0.jar;C:\Users\DELL\.m2\repository\com\sun\mail\javax.mail\1.6.2\javax.mail-1.6.2.jar;C:\Users\DELL\.m2\repository\javax\activation\activation\1.1\activation-1.1.jar;C:\Users\DELL\.m2\repository\org\apache\pdfbox\pdfbox\2.0.13\pdfbox-2.0.13.jar;C:\Users\DELL\.m2\repository\org\apache\pdfbox\fontbox\2.0.13\fontbox-2.0.13.jar;C:\Users\DELL\.m2\repository\org\apache\commons\commons-lang3\3.0\commons-lang3-3.0.jar;C:\Users\DELL\.m2\repository\commons-configuration\commons-configuration\1.10\commons-configuration-1.10.jar;C:\Users\DELL\.m2\repository\commons-lang\commons-lang\2.6\commons-lang-2.6.jar;C:\Users\DELL\.m2\repository\commons-io\commons-io\2.15.1\commons-io-2.15.1.jar;C:\Users\DELL\.m2\repository\log4j\log4j\1.2.17\log4j-1.2.17.jar;C:\Users\DELL\.m2\repository\org\powermock\powermock-module-testng\2.0.0\powermock-module-testng-2.0.0.jar;C:\Users\DELL\.m2\repository\org\powermock\powermock-core\2.0.0\powermock-core-2.0.0.jar;C:\Users\DELL\.m2\repository\org\powermock\powermock-reflect\2.0.0\powermock-reflect-2.0.0.jar;C:\Users\DELL\.m2\repository\net\bytebuddy\byte-buddy-agent\1.9.3\byte-buddy-agent-1.9.3.jar;C:\Users\DELL\.m2\repository\org\powermock\powermock-module-testng-common\2.0.0\powermock-module-testng-common-2.0.0.jar;C:\Users\DELL\.m2\repository\org\powermock\powermock-api-mockito2\2.0.0\powermock-api-mockito2-2.0.0.jar;C:\Users\DELL\.m2\repository\org\powermock\powermock-api-support\2.0.0\powermock-api-support-2.0.0.jar;C:\Users\DELL\.m2\repository\org\mockito\mockito-core\2.23.0\mockito-core-2.23.0.jar;C:\Users\DELL\.m2\repository\org\objenesis\objenesis\2.6\objenesis-2.6.jar;C:\Users\DELL\.m2\repository\org\seleniumhq\selenium\selenium-java\3.141.59\selenium-java-3.141.59.jar;C:\Users\DELL\.m2\repository\org\seleniumhq\selenium\selenium-api\3.141.59\selenium-api-3.141.59.jar;C:\Users\DELL\.m2\repository\org\seleniumhq\selenium\selenium-chrome-driver\3.141.59\selenium-chrome-driver-3.141.59.jar;C:\Users\DELL\.m2\repository\org\seleniumhq\selenium\selenium-edge-driver\3.141.59\selenium-edge-driver-3.141.59.jar;C:\Users\DELL\.m2\repository\org\seleniumhq\selenium\selenium-firefox-driver\3.141.59\selenium-firefox-driver-3.141.59.jar;C:\Users\DELL\.m2\repository\org\seleniumhq\selenium\selenium-ie-driver\3.141.59\selenium-ie-driver-3.141.59.jar;C:\Users\DELL\.m2\repository\org\seleniumhq\selenium\selenium-opera-driver\3.141.59\selenium-opera-driver-3.141.59.jar;C:\Users\DELL\.m2\repository\org\seleniumhq\selenium\selenium-remote-driver\3.141.59\selenium-remote-driver-3.141.59.jar;C:\Users\DELL\.m2\repository\org\seleniumhq\selenium\selenium-safari-driver\3.141.59\selenium-safari-driver-3.141.59.jar;C:\Users\DELL\.m2\repository\org\seleniumhq\selenium\selenium-support\3.141.59\selenium-support-3.141.59.jar;C:\Users\DELL\.m2\repository\net\bytebuddy\byte-buddy\1.8.15\byte-buddy-1.8.15.jar;C:\Users\DELL\.m2\repository\org\apache\commons\commons-exec\1.3\commons-exec-1.3.jar;C:\Users\DELL\.m2\repository\com\squareup\okhttp3\okhttp\3.11.0\okhttp-3.11.0.jar;C:\Users\DELL\.m2\repository\com\squareup\okio\okio\1.14.0\okio-1.14.0.jar;C:\Users\DELL\.m2\repository\io\github\bonigarcia\webdrivermanager\5.7.0\webdrivermanager-5.7.0.jar;C:\Users\DELL\.m2\repository\com\google\code\gson\gson\2.10.1\gson-2.10.1.jar;C:\Users\DELL\.m2\repository\com\github\docker-java\docker-java\3.3.5\docker-java-3.3.5.jar;C:\Users\DELL\.m2\repository\com\github\docker-java\docker-java-core\3.3.5\docker-java-core-3.3.5.jar;C:\Users\DELL\.m2\repository\com\github\docker-java\docker-java-api\3.3.5\docker-java-api-3.3.5.jar;C:\Users\DELL\.m2\repository\org\bouncycastle\bcpkix-jdk18on\1.76\bcpkix-jdk18on-1.76.jar;C:\Users\DELL\.m2\repository\org\bouncycastle\bcprov-jdk18on\1.76\bcprov-jdk18on-1.76.jar;C:\Users\DELL\.m2\repository\org\bouncycastle\bcutil-jdk18on\1.76\bcutil-jdk18on-1.76.jar;C:\Users\DELL\.m2\repository\org\slf4j\jcl-over-slf4j\1.7.30\jcl-over-slf4j-1.7.30.jar;C:\Users\DELL\.m2\repository\com\github\docker-java\docker-java-transport-httpclient5\3.3.5\docker-java-transport-httpclient5-3.3.5.jar;C:\Users\DELL\.m2\repository\com\github\docker-java\docker-java-transport\3.3.5\docker-java-transport-3.3.5.jar;C:\Users\DELL\.m2\repository\org\brotli\dec\0.1.2\dec-0.1.2.jar;C:\Users\DELL\.m2\repository\org\apache\commons\commons-compress\1.26.0\commons-compress-1.26.0.jar;C:\Users\DELL\.m2\repository\org\apache\httpcomponents\client5\httpclient5\5.2.1\httpclient5-5.2.1.jar;C:\Users\DELL\.m2\repository\org\apache\httpcomponents\core5\httpcore5\5.2\httpcore5-5.2.jar;C:\Users\DELL\.m2\repository\org\apache\httpcomponents\core5\httpcore5-h2\5.2\httpcore5-h2-5.2.jar;C:\Users\DELL\.m2\repository\com\github\luben\zstd-jni\1.5.5-11\zstd-jni-1.5.5-11.jar;C:\Users\DELL\.m2\repository\com\fasterxml\jackson\core\jackson-core\2.10.1\jackson-core-2.10.1.jar;C:\Users\DELL\.m2\repository\com\fasterxml\jackson\core\jackson-databind\2.10.1\jackson-databind-2.10.1.jar;C:\Users\DELL\.m2\repository\com\fasterxml\jackson\core\jackson-annotations\2.10.1\jackson-annotations-2.10.1.jar;C:\Users\DELL\.m2\repository\com\fasterxml\jackson\dataformat\jackson-dataformat-xml\2.10.1\jackson-dataformat-xml-2.10.1.jar;C:\Users\DELL\.m2\repository\com\fasterxml\jackson\module\jackson-module-jaxb-annotations\2.10.1\jackson-module-jaxb-annotations-2.10.1.jar;C:\Users\DELL\.m2\repository\jakarta\xml\bind\jakarta.xml.bind-api\2.3.2\jakarta.xml.bind-api-2.3.2.jar;C:\Users\DELL\.m2\repository\jakarta\activation\jakarta.activation-api\1.2.1\jakarta.activation-api-1.2.1.jar;C:\Users\DELL\.m2\repository\org\codehaus\woodstox\stax2-api\4.2\stax2-api-4.2.jar;C:\Users\DELL\.m2\repository\com\fasterxml\woodstox\woodstox-core\6.0.2\woodstox-core-6.0.2.jar;C:\Users\DELL\.m2\repository\org\jsoup\jsoup\1.11.3\jsoup-1.11.3.jar;C:\Users\DELL\.m2\repository\org\springframework\spring-core\5.3.27\spring-core-5.3.27.jar;C:\Users\DELL\.m2\repository\org\springframework\spring-jcl\5.3.27\spring-jcl-5.3.27.jar;C:\Users\DELL\.m2\repository\org\springframework\spring-web\5.3.27\spring-web-5.3.27.jar;C:\Users\DELL\.m2\repository\org\springframework\spring-beans\5.3.27\spring-beans-5.3.27.jar;C:\Users\DELL\.m2\repository\io\appium\java-client\7.2.0\java-client-7.2.0.jar;C:\Users\DELL\.m2\repository\cglib\cglib\3.2.12\cglib-3.2.12.jar;C:\Users\DELL\.m2\repository\org\ow2\asm\asm\7.1\asm-7.1.jar;C:\Users\DELL\.m2\repository\commons-validator\commons-validator\1.6\commons-validator-1.6.jar;C:\Users\DELL\.m2\repository\commons-beanutils\commons-beanutils\1.9.2\commons-beanutils-1.9.2.jar;C:\Users\DELL\.m2\repository\commons-digester\commons-digester\1.8.1\commons-digester-1.8.1.jar;C:\Users\DELL\.m2\repository\commons-collections\commons-collections\3.2.2\commons-collections-3.2.2.jar;C:\Users\DELL\.m2\repository\org\springframework\spring-context\5.1.8.RELEASE\spring-context-5.1.8.RELEASE.jar;C:\Users\DELL\.m2\repository\org\springframework\spring-aop\5.1.8.RELEASE\spring-aop-5.1.8.RELEASE.jar;C:\Users\DELL\.m2\repository\org\springframework\spring-expression\5.1.8.RELEASE\spring-expression-5.1.8.RELEASE.jar;C:\Users\DELL\.m2\repository\org\aspectj\aspectjweaver\1.9.4\aspectjweaver-1.9.4.jar;C:\Users\DELL\.m2\repository\com\google\guava\guava\27.0-jre\guava-27.0-jre.jar;C:\Users\DELL\.m2\repository\com\google\guava\failureaccess\1.0\failureaccess-1.0.jar;C:\Users\DELL\.m2\repository\com\google\guava\listenablefuture\9999.0-empty-to-avoid-conflict-with-guava\listenablefuture-9999.0-empty-to-avoid-conflict-with-guava.jar;C:\Users\DELL\.m2\repository\com\google\code\findbugs\jsr305\3.0.2\jsr305-3.0.2.jar;C:\Users\DELL\.m2\repository\org\checkerframework\checker-qual\2.5.2\checker-qual-2.5.2.jar;C:\Users\DELL\.m2\repository\com\google\errorprone\error_prone_annotations\2.2.0\error_prone_annotations-2.2.0.jar;C:\Users\DELL\.m2\repository\com\google\j2objc\j2objc-annotations\1.1\j2objc-annotations-1.1.jar;C:\Users\DELL\.m2\repository\org\codehaus\mojo\animal-sniffer-annotations\1.17\animal-sniffer-annotations-1.17.jar;C:\Users\DELL\.m2\repository\com\google\firebase\firebase-admin\5.9.0\firebase-admin-5.9.0.jar;C:\Users\DELL\.m2\repository\com\google\api-client\google-api-client\1.23.0\google-api-client-1.23.0.jar;C:\Users\DELL\.m2\repository\com\google\oauth-client\google-oauth-client\1.23.0\google-oauth-client-1.23.0.jar;C:\Users\DELL\.m2\repository\com\google\http-client\google-http-client-jackson2\1.23.0\google-http-client-jackson2-1.23.0.jar;C:\Users\DELL\.m2\repository\com\google\api-client\google-api-client-gson\1.23.0\google-api-client-gson-1.23.0.jar;C:\Users\DELL\.m2\repository\com\google\http-client\google-http-client-gson\1.23.0\google-http-client-gson-1.23.0.jar;C:\Users\DELL\.m2\repository\com\google\http-client\google-http-client\1.23.0\google-http-client-1.23.0.jar;C:\Users\DELL\.m2\repository\com\google\api\api-common\1.2.0\api-common-1.2.0.jar;C:\Users\DELL\.m2\repository\com\google\auth\google-auth-library-oauth2-http\0.8.0\google-auth-library-oauth2-http-0.8.0.jar;C:\Users\DELL\.m2\repository\com\google\auth\google-auth-library-credentials\0.8.0\google-auth-library-credentials-0.8.0.jar;C:\Users\DELL\.m2\repository\com\google\cloud\google-cloud-storage\1.15.0\google-cloud-storage-1.15.0.jar;C:\Users\DELL\.m2\repository\com\google\cloud\google-cloud-core\1.15.0\google-cloud-core-1.15.0.jar;C:\Users\DELL\.m2\repository\com\google\api\gax\1.16.0\gax-1.16.0.jar;C:\Users\DELL\.m2\repository\com\google\protobuf\protobuf-java-util\3.5.1\protobuf-java-util-3.5.1.jar;C:\Users\DELL\.m2\repository\com\google\api\grpc\proto-google-common-protos\1.0.4\proto-google-common-protos-1.0.4.jar;C:\Users\DELL\.m2\repository\com\google\api\grpc\proto-google-iam-v1\0.1.28\proto-google-iam-v1-0.1.28.jar;C:\Users\DELL\.m2\repository\com\google\cloud\google-cloud-core-http\1.15.0\google-cloud-core-http-1.15.0.jar;C:\Users\DELL\.m2\repository\com\google\http-client\google-http-client-appengine\1.23.0\google-http-client-appengine-1.23.0.jar;C:\Users\DELL\.m2\repository\com\google\http-client\google-http-client-jackson\1.23.0\google-http-client-jackson-1.23.0.jar;C:\Users\DELL\.m2\repository\org\codehaus\jackson\jackson-core-asl\1.9.11\jackson-core-asl-1.9.11.jar;C:\Users\DELL\.m2\repository\com\google\api\gax-httpjson\0.33.0\gax-httpjson-0.33.0.jar;C:\Users\DELL\.m2\repository\com\google\apis\google-api-services-storage\v1-rev114-1.23.0\google-api-services-storage-v1-rev114-1.23.0.jar;C:\Users\DELL\.m2\repository\com\google\cloud\google-cloud-firestore\0.33.0-beta\google-cloud-firestore-0.33.0-beta.jar;C:\Users\DELL\.m2\repository\io\netty\netty-tcnative-boringssl-static\2.0.7.Final\netty-tcnative-boringssl-static-2.0.7.Final.jar;C:\Users\DELL\.m2\repository\com\google\cloud\google-cloud-core-grpc\1.15.0\google-cloud-core-grpc-1.15.0.jar;C:\Users\DELL\.m2\repository\com\google\protobuf\protobuf-java\3.5.1\protobuf-java-3.5.1.jar;C:\Users\DELL\.m2\repository\io\grpc\grpc-protobuf\1.9.0\grpc-protobuf-1.9.0.jar;C:\Users\DELL\.m2\repository\io\grpc\grpc-protobuf-lite\1.9.0\grpc-protobuf-lite-1.9.0.jar;C:\Users\DELL\.m2\repository\io\grpc\grpc-context\1.9.0\grpc-context-1.9.0.jar;C:\Users\DELL\.m2\repository\com\google\api\gax-grpc\1.16.0\gax-grpc-1.16.0.jar;C:\Users\DELL\.m2\repository\com\google\auto\value\auto-value\1.2\auto-value-1.2.jar;C:\Users\DELL\.m2\repository\org\threeten\threetenbp\1.3.3\threetenbp-1.3.3.jar;C:\Users\DELL\.m2\repository\com\google\api\grpc\proto-google-cloud-firestore-v1beta1\0.1.28\proto-google-cloud-firestore-v1beta1-0.1.28.jar;C:\Users\DELL\.m2\repository\io\grpc\grpc-netty\1.9.0\grpc-netty-1.9.0.jar;C:\Users\DELL\.m2\repository\io\grpc\grpc-core\1.9.0\grpc-core-1.9.0.jar;C:\Users\DELL\.m2\repository\com\google\instrumentation\instrumentation-api\0.4.3\instrumentation-api-0.4.3.jar;C:\Users\DELL\.m2\repository\io\opencensus\opencensus-api\0.10.0\opencensus-api-0.10.0.jar;C:\Users\DELL\.m2\repository\io\opencensus\opencensus-contrib-grpc-metrics\0.10.0\opencensus-contrib-grpc-metrics-0.10.0.jar;C:\Users\DELL\.m2\repository\io\netty\netty-codec-http2\4.1.17.Final\netty-codec-http2-4.1.17.Final.jar;C:\Users\DELL\.m2\repository\io\netty\netty-handler-proxy\4.1.17.Final\netty-handler-proxy-4.1.17.Final.jar;C:\Users\DELL\.m2\repository\io\netty\netty-codec-socks\4.1.17.Final\netty-codec-socks-4.1.17.Final.jar;C:\Users\DELL\.m2\repository\io\grpc\grpc-stub\1.9.0\grpc-stub-1.9.0.jar;C:\Users\DELL\.m2\repository\io\grpc\grpc-auth\1.9.0\grpc-auth-1.9.0.jar;C:\Users\DELL\.m2\repository\io\netty\netty-codec-http\4.1.17.Final\netty-codec-http-4.1.17.Final.jar;C:\Users\DELL\.m2\repository\io\netty\netty-codec\4.1.17.Final\netty-codec-4.1.17.Final.jar;C:\Users\DELL\.m2\repository\io\netty\netty-handler\4.1.17.Final\netty-handler-4.1.17.Final.jar;C:\Users\DELL\.m2\repository\io\netty\netty-buffer\4.1.17.Final\netty-buffer-4.1.17.Final.jar;C:\Users\DELL\.m2\repository\io\netty\netty-common\4.1.17.Final\netty-common-4.1.17.Final.jar;C:\Users\DELL\.m2\repository\io\netty\netty-transport\4.1.17.Final\netty-transport-4.1.17.Final.jar;C:\Users\DELL\.m2\repository\io\netty\netty-resolver\4.1.17.Final\netty-resolver-4.1.17.Final.jar;C:\Users\DELL\.m2\repository\net\java\dev\jna\jna-platform\4.0.0\jna-platform-4.0.0.jar;C:\Users\DELL\.m2\repository\com\github\jknack\handlebars\4.1.2\handlebars-4.1.2.jar;C:\Users\DELL\.m2\repository\io\github\sridharbandi\java-a11y\2.1.3\java-a11y-2.1.3.jar;C:\Users\DELL\.m2\repository\org\freemarker\freemarker\2.3.29\freemarker-2.3.29.jar;C:\Users\DELL\.m2\repository\org\apache\commons\commons-text\1.6\commons-text-1.6.jar;C:\Users\DELL\.m2\repository\org\slf4j\slf4j-log4j12\2.0.0-alpha1\slf4j-log4j12-2.0.0-alpha1.jar;C:\Users\DELL\.m2\repository\org\apache\maven\plugins\maven-javadoc-plugin\3.4.1\maven-javadoc-plugin-3.4.1.jar;C:\Users\DELL\.m2\repository\org\apache\maven\maven-core\3.2.5\maven-core-3.2.5.jar;C:\Users\DELL\.m2\repository\org\apache\maven\maven-settings-builder\3.2.5\maven-settings-builder-3.2.5.jar;C:\Users\DELL\.m2\repository\org\apache\maven\maven-repository-metadata\3.2.5\maven-repository-metadata-3.2.5.jar;C:\Users\DELL\.m2\repository\org\apache\maven\maven-model-builder\3.2.5\maven-model-builder-3.2.5.jar;C:\Users\DELL\.m2\repository\org\apache\maven\maven-aether-provider\3.2.5\maven-aether-provider-3.2.5.jar;C:\Users\DELL\.m2\repository\org\eclipse\aether\aether-spi\1.0.0.v20140518\aether-spi-1.0.0.v20140518.jar;C:\Users\DELL\.m2\repository\org\eclipse\aether\aether-impl\1.0.0.v20140518\aether-impl-1.0.0.v20140518.jar;C:\Users\DELL\.m2\repository\org\eclipse\aether\aether-api\1.0.0.v20140518\aether-api-1.0.0.v20140518.jar;C:\Users\DELL\.m2\repository\org\eclipse\aether\aether-util\1.0.0.v20140518\aether-util-1.0.0.v20140518.jar;C:\Users\DELL\.m2\repository\org\eclipse\sisu\org.eclipse.sisu.plexus\0.3.0.M1\org.eclipse.sisu.plexus-0.3.0.M1.jar;C:\Users\DELL\.m2\repository\javax\enterprise\cdi-api\1.0\cdi-api-1.0.jar;C:\Users\DELL\.m2\repository\javax\annotation\jsr250-api\1.0\jsr250-api-1.0.jar;C:\Users\DELL\.m2\repository\org\eclipse\sisu\org.eclipse.sisu.inject\0.3.0.M1\org.eclipse.sisu.inject-0.3.0.M1.jar;C:\Users\DELL\.m2\repository\org\sonatype\sisu\sisu-guice\3.2.3\sisu-guice-3.2.3-no_aop.jar;C:\Users\DELL\.m2\repository\aopalliance\aopalliance\1.0\aopalliance-1.0.jar;C:\Users\DELL\.m2\repository\org\codehaus\plexus\plexus-interpolation\1.21\plexus-interpolation-1.21.jar;C:\Users\DELL\.m2\repository\org\codehaus\plexus\plexus-classworlds\2.5.2\plexus-classworlds-2.5.2.jar;C:\Users\DELL\.m2\repository\org\codehaus\plexus\plexus-component-annotations\1.5.5\plexus-component-annotations-1.5.5.jar;C:\Users\DELL\.m2\repository\org\sonatype\plexus\plexus-sec-dispatcher\1.3\plexus-sec-dispatcher-1.3.jar;C:\Users\DELL\.m2\repository\org\sonatype\plexus\plexus-cipher\1.4\plexus-cipher-1.4.jar;C:\Users\DELL\.m2\repository\org\apache\maven\maven-model\3.2.5\maven-model-3.2.5.jar;C:\Users\DELL\.m2\repository\org\apache\maven\maven-settings\3.2.5\maven-settings-3.2.5.jar;C:\Users\DELL\.m2\repository\org\apache\maven\maven-plugin-api\3.2.5\maven-plugin-api-3.2.5.jar;C:\Users\DELL\.m2\repository\org\apache\maven\maven-artifact\3.2.5\maven-artifact-3.2.5.jar;C:\Users\DELL\.m2\repository\org\apache\maven\reporting\maven-reporting-api\3.1.1\maven-reporting-api-3.1.1.jar;C:\Users\DELL\.m2\repository\org\apache\maven\maven-archiver\3.6.0\maven-archiver-3.6.0.jar;C:\Users\DELL\.m2\repository\org\codehaus\plexus\plexus-io\3.4.0\plexus-io-3.4.0.jar;C:\Users\DELL\.m2\repository\org\codehaus\plexus\plexus-archiver\4.4.0\plexus-archiver-4.4.0.jar;C:\Users\DELL\.m2\repository\org\iq80\snappy\snappy\0.4\snappy-0.4.jar;C:\Users\DELL\.m2\repository\org\tukaani\xz\1.9\xz-1.9.jar;C:\Users\DELL\.m2\repository\org\apache\maven\shared\maven-invoker\3.1.0\maven-invoker-3.1.0.jar;C:\Users\DELL\.m2\repository\org\apache\maven\shared\maven-shared-utils\3.3.3\maven-shared-utils-3.3.3.jar;C:\Users\DELL\.m2\repository\javax\inject\javax.inject\1\javax.inject-1.jar;C:\Users\DELL\.m2\repository\org\apache\maven\shared\maven-common-artifact-filters\3.1.1\maven-common-artifact-filters-3.1.1.jar;C:\Users\DELL\.m2\repository\org\sonatype\sisu\sisu-inject-plexus\1.4.2\sisu-inject-plexus-1.4.2.jar;C:\Users\DELL\.m2\repository\org\sonatype\sisu\sisu-inject-bean\1.4.2\sisu-inject-bean-1.4.2.jar;C:\Users\DELL\.m2\repository\org\sonatype\sisu\sisu-guice\2.1.7\sisu-guice-2.1.7-noaop.jar;C:\Users\DELL\.m2\repository\org\apache\maven\shared\maven-artifact-transfer\0.13.1\maven-artifact-transfer-0.13.1.jar;C:\Users\DELL\.m2\repository\org\apache\maven\doxia\doxia-sink-api\1.11.1\doxia-sink-api-1.11.1.jar;C:\Users\DELL\.m2\repository\org\apache\maven\doxia\doxia-logging-api\1.11.1\doxia-logging-api-1.11.1.jar;C:\Users\DELL\.m2\repository\org\apache\maven\doxia\doxia-site-renderer\1.11.1\doxia-site-renderer-1.11.1.jar;C:\Users\DELL\.m2\repository\org\apache\maven\doxia\doxia-core\1.11.1\doxia-core-1.11.1.jar;C:\Users\DELL\.m2\repository\org\apache\maven\doxia\doxia-decoration-model\1.11.1\doxia-decoration-model-1.11.1.jar;C:\Users\DELL\.m2\repository\org\apache\maven\doxia\doxia-skin-model\1.11.1\doxia-skin-model-1.11.1.jar;C:\Users\DELL\.m2\repository\org\apache\maven\doxia\doxia-module-xhtml\1.11.1\doxia-module-xhtml-1.11.1.jar;C:\Users\DELL\.m2\repository\org\apache\maven\doxia\doxia-module-xhtml5\1.11.1\doxia-module-xhtml5-1.11.1.jar;C:\Users\DELL\.m2\repository\org\codehaus\plexus\plexus-i18n\1.0-beta-10\plexus-i18n-1.0-beta-10.jar;C:\Users\DELL\.m2\repository\org\codehaus\plexus\plexus-container-default\1.0-alpha-30\plexus-container-default-1.0-alpha-30.jar;C:\Users\DELL\.m2\repository\junit\junit\3.8.1\junit-3.8.1.jar;C:\Users\DELL\.m2\repository\org\codehaus\plexus\plexus-velocity\1.2\plexus-velocity-1.2.jar;C:\Users\DELL\.m2\repository\org\apache\velocity\velocity\1.7\velocity-1.7.jar;C:\Users\DELL\.m2\repository\org\apache\velocity\velocity-tools\2.0\velocity-tools-2.0.jar;C:\Users\DELL\.m2\repository\commons-chain\commons-chain\1.1\commons-chain-1.1.jar;C:\Users\DELL\.m2\repository\dom4j\dom4j\1.1\dom4j-1.1.jar;C:\Users\DELL\.m2\repository\oro\oro\2.0.8\oro-2.0.8.jar;C:\Users\DELL\.m2\repository\org\apache\maven\wagon\wagon-provider-api\2.4\wagon-provider-api-2.4.jar;C:\Users\DELL\.m2\repository\com\thoughtworks\qdox\qdox\2.0.1\qdox-2.0.1.jar;C:\Users\DELL\.m2\repository\org\codehaus\plexus\plexus-java\1.1.0\plexus-java-1.1.0.jar;C:\Users\DELL\.m2\repository\org\codehaus\plexus\plexus-utils\3.4.2\plexus-utils-3.4.2.jar;C:\Users\DELL\.m2\repository\org\codehaus\plexus\plexus-interactivity-api\1.1\plexus-interactivity-api-1.1.jar;C:\Users\DELL\.m2\repository\io\rest-assured\json-schema-validator\5.3.0\json-schema-validator-5.3.0.jar;C:\Users\DELL\.m2\repository\com\github\java-json-tools\json-schema-validator\2.2.14\json-schema-validator-2.2.14.jar;C:\Users\DELL\.m2\repository\com\github\java-json-tools\jackson-coreutils-equivalence\1.0\jackson-coreutils-equivalence-1.0.jar;C:\Users\DELL\.m2\repository\com\github\java-json-tools\jackson-coreutils\2.0\jackson-coreutils-2.0.jar;C:\Users\DELL\.m2\repository\com\github\java-json-tools\msg-simple\1.2\msg-simple-1.2.jar;C:\Users\DELL\.m2\repository\com\github\java-json-tools\btf\1.3\btf-1.3.jar;C:\Users\DELL\.m2\repository\com\github\java-json-tools\json-schema-core\1.2.14\json-schema-core-1.2.14.jar;C:\Users\DELL\.m2\repository\com\github\java-json-tools\uri-template\0.10\uri-template-0.10.jar;C:\Users\DELL\.m2\repository\org\mozilla\rhino\1.7.7.2\rhino-1.7.7.2.jar;C:\Users\DELL\.m2\repository\com\sun\mail\mailapi\1.6.2\mailapi-1.6.2.jar;C:\Users\DELL\.m2\repository\joda-time\joda-time\2.10.5\joda-time-2.10.5.jar;C:\Users\DELL\.m2\repository\com\googlecode\libphonenumber\libphonenumber\8.11.1\libphonenumber-8.11.1.jar;C:\Users\DELL\.m2\repository\net\sf\jopt-simple\jopt-simple\5.0.4\jopt-simple-5.0.4.jar;C:\Users\DELL\.m2\repository\com\typesafe\config\1.4.2\config-1.4.2.jar;C:\Users\DELL\.m2\repository\org\springframework\spring-jdbc\5.2.10.RELEASE\spring-jdbc-5.2.10.RELEASE.jar;C:\Users\DELL\.m2\repository\org\springframework\spring-tx\5.2.10.RELEASE\spring-tx-5.2.10.RELEASE.jar;C:\Users\DELL\.m2\repository\com\oracle\database\jdbc\ojdbc10\19.17.0.0\ojdbc10-19.17.0.0.jar;C:\Users\DELL\.m2\repository\com\jayway\jsonpath\json-path\2.7.0\json-path-2.7.0.jar;C:\Users\DELL\.m2\repository\net\minidev\json-smart\2.4.7\json-smart-2.4.7.jar;C:\Users\DELL\.m2\repository\net\minidev\accessors-smart\2.4.7\accessors-smart-2.4.7.jar;C:\Users\DELL\.m2\repository\io\cucumber\cucumber-java\7.20.1\cucumber-java-7.20.1.jar;C:\Users\DELL\.m2\repository\io\cucumber\cucumber-core\7.20.1\cucumber-core-7.20.1.jar;C:\Users\DELL\.m2\repository\io\cucumber\cucumber-gherkin\7.20.1\cucumber-gherkin-7.20.1.jar;C:\Users\DELL\.m2\repository\io\cucumber\cucumber-gherkin-messages\7.20.1\cucumber-gherkin-messages-7.20.1.jar;C:\Users\DELL\.m2\repository\io\cucumber\testng-xml-formatter\0.2.0\testng-xml-formatter-0.2.0.jar;C:\Users\DELL\.m2\repository\io\cucumber\query\12.2.0\query-12.2.0.jar;C:\Users\DELL\.m2\repository\io\cucumber\tag-expressions\6.1.0\tag-expressions-6.1.0.jar;C:\Users\DELL\.m2\repository\io\cucumber\cucumber-expressions\17.1.0\cucumber-expressions-17.1.0.jar;C:\Users\DELL\.m2\repository\io\cucumber\datatable\7.20.1\datatable-7.20.1.jar;C:\Users\DELL\.m2\repository\io\cucumber\cucumber-plugin\7.20.1\cucumber-plugin-7.20.1.jar;C:\Users\DELL\.m2\repository\io\cucumber\docstring\7.20.1\docstring-7.20.1.jar;C:\Users\DELL\.m2\repository\io\cucumber\html-formatter\21.7.0\html-formatter-21.7.0.jar;C:\Users\DELL\.m2\repository\io\cucumber\junit-xml-formatter\0.5.0\junit-xml-formatter-0.5.0.jar;C:\Users\DELL\.m2\repository\io\cucumber\ci-environment\10.0.1\ci-environment-10.0.1.jar;C:\Users\DELL\.m2\repository\org\apiguardian\apiguardian-api\1.1.2\apiguardian-api-1.1.2.jar;C:\Users\DELL\.m2\repository\io\cucumber\cucumber-testng\7.20.1\cucumber-testng-7.20.1.jar;C:\Users\DELL\.m2\repository\io\cucumber\gherkin\29.0.0\gherkin-29.0.0.jar;C:\Users\DELL\.m2\repository\io\cucumber\messages\24.1.0\messages-24.1.0.jar;C:\Users\DELL\.m2\repository\org\testng\testng\7.10.2\testng-7.10.2.jar;C:\Users\DELL\.m2\repository\org\slf4j\slf4j-api\1.7.36\slf4j-api-1.7.36.jar;C:\Users\DELL\.m2\repository\com\beust\jcommander\1.82\jcommander-1.82.jar;C:\Users\DELL\.m2\repository\org\webjars\jquery\3.7.1\jquery-3.7.1.jar;C:\Users\DELL\.m2\repository\org\slf4j\slf4j-simple\2.0.0\slf4j-simple-2.0.0.jar;"/>
    <property name="java.vm.vendor" value="Oracle Corporation"/>
    <property name="sun.arch.data.model" value="64"/>
    <property name="user.variant" value=""/>
    <property name="java.vendor.url" value="https://java.oracle.com/"/>
    <property name="user.timezone" value="America/Buenos_Aires"/>
    <property name="os.name" value="Windows 11"/>
    <property name="java.vm.specification.version" value="23"/>
    <property name="sun.java.launcher" value="SUN_STANDARD"/>
    <property name="user.country" value="AR"/>
    <property name="sun.boot.library.path" value="C:\Program Files\Java\jdk-23\bin"/>
    <property name="sun.java.command" value="C:\Users\DELL\AppData\Local\Temp\surefire13802119635166898661\surefirebooter-20241017121732301_3.jar C:\Users\DELL\AppData\Local\Temp\surefire13802119635166898661 2024-10-17T12-17-32_016-jvmRun1 surefire-20241017121732301_1tmp surefire_0-20241017121732301_2tmp"/>
    <property name="jdk.debug" value="release"/>
    <property name="surefire.test.class.path" value="C:\Users\DELL\OneDrive\Documentos\Crowdar - Api testing - Practice\pruebas-api-bdd\target\test-classes;C:\Users\DELL\OneDrive\Documentos\Crowdar - Api testing - Practice\pruebas-api-bdd\target\classes;C:\Users\DELL\.m2\repository\net\java\dev\jna\jna\5.15.0\jna-5.15.0.jar;C:\Users\DELL\.m2\repository\org\hamcrest\hamcrest\2.2\hamcrest-2.2.jar;C:\Users\DELL\.m2\repository\io\rest-assured\rest-assured\5.5.0\rest-assured-5.5.0.jar;C:\Users\DELL\.m2\repository\org\apache\groovy\groovy\4.0.22\groovy-4.0.22.jar;C:\Users\DELL\.m2\repository\org\apache\groovy\groovy-xml\4.0.22\groovy-xml-4.0.22.jar;C:\Users\DELL\.m2\repository\org\apache\httpcomponents\httpclient\4.5.13\httpclient-4.5.13.jar;C:\Users\DELL\.m2\repository\org\apache\httpcomponents\httpcore\4.4.13\httpcore-4.4.13.jar;C:\Users\DELL\.m2\repository\commons-logging\commons-logging\1.2\commons-logging-1.2.jar;C:\Users\DELL\.m2\repository\commons-codec\commons-codec\1.11\commons-codec-1.11.jar;C:\Users\DELL\.m2\repository\org\apache\httpcomponents\httpmime\4.5.13\httpmime-4.5.13.jar;C:\Users\DELL\.m2\repository\org\ccil\cowan\tagsoup\tagsoup\1.2.1\tagsoup-1.2.1.jar;C:\Users\DELL\.m2\repository\io\rest-assured\json-path\5.5.0\json-path-5.5.0.jar;C:\Users\DELL\.m2\repository\org\apache\groovy\groovy-json\4.0.22\groovy-json-4.0.22.jar;C:\Users\DELL\.m2\repository\io\rest-assured\rest-assured-common\5.5.0\rest-assured-common-5.5.0.jar;C:\Users\DELL\.m2\repository\io\rest-assured\xml-path\5.5.0\xml-path-5.5.0.jar;C:\Users\DELL\.m2\repository\io\lippia\core\3.3.0.2\core-3.3.0.2.jar;C:\Users\DELL\.m2\repository\org\json\json\20190722\json-20190722.jar;C:\Users\DELL\.m2\repository\io\cucumber\cucumber-java8\4.7.4\cucumber-java8-4.7.4.jar;C:\Users\DELL\.m2\repository\net\jodah\typetools\0.5.0\typetools-0.5.0.jar;C:\Users\DELL\.m2\repository\org\reflections\reflections\0.9.10\reflections-0.9.10.jar;C:\Users\DELL\.m2\repository\org\javassist\javassist\3.19.0-GA\javassist-3.19.0-GA.jar;C:\Users\DELL\.m2\repository\com\google\code\findbugs\annotations\2.0.1\annotations-2.0.1.jar;C:\Users\DELL\.m2\repository\org\jasypt\jasypt\1.9.0\jasypt-1.9.0.jar;C:\Users\DELL\.m2\repository\com\sun\mail\javax.mail\1.6.2\javax.mail-1.6.2.jar;C:\Users\DELL\.m2\repository\javax\activation\activation\1.1\activation-1.1.jar;C:\Users\DELL\.m2\repository\org\apache\pdfbox\pdfbox\2.0.13\pdfbox-2.0.13.jar;C:\Users\DELL\.m2\repository\org\apache\pdfbox\fontbox\2.0.13\fontbox-2.0.13.jar;C:\Users\DELL\.m2\repository\org\apache\commons\commons-lang3\3.0\commons-lang3-3.0.jar;C:\Users\DELL\.m2\repository\commons-configuration\commons-configuration\1.10\commons-configuration-1.10.jar;C:\Users\DELL\.m2\repository\commons-lang\commons-lang\2.6\commons-lang-2.6.jar;C:\Users\DELL\.m2\repository\commons-io\commons-io\2.15.1\commons-io-2.15.1.jar;C:\Users\DELL\.m2\repository\log4j\log4j\1.2.17\log4j-1.2.17.jar;C:\Users\DELL\.m2\repository\org\powermock\powermock-module-testng\2.0.0\powermock-module-testng-2.0.0.jar;C:\Users\DELL\.m2\repository\org\powermock\powermock-core\2.0.0\powermock-core-2.0.0.jar;C:\Users\DELL\.m2\repository\org\powermock\powermock-reflect\2.0.0\powermock-reflect-2.0.0.jar;C:\Users\DELL\.m2\repository\net\bytebuddy\byte-buddy-agent\1.9.3\byte-buddy-agent-1.9.3.jar;C:\Users\DELL\.m2\repository\org\powermock\powermock-module-testng-common\2.0.0\powermock-module-testng-common-2.0.0.jar;C:\Users\DELL\.m2\repository\org\powermock\powermock-api-mockito2\2.0.0\powermock-api-mockito2-2.0.0.jar;C:\Users\DELL\.m2\repository\org\powermock\powermock-api-support\2.0.0\powermock-api-support-2.0.0.jar;C:\Users\DELL\.m2\repository\org\mockito\mockito-core\2.23.0\mockito-core-2.23.0.jar;C:\Users\DELL\.m2\repository\org\objenesis\objenesis\2.6\objenesis-2.6.jar;C:\Users\DELL\.m2\repository\org\seleniumhq\selenium\selenium-java\3.141.59\selenium-java-3.141.59.jar;C:\Users\DELL\.m2\repository\org\seleniumhq\selenium\selenium-api\3.141.59\selenium-api-3.141.59.jar;C:\Users\DELL\.m2\repository\org\seleniumhq\selenium\selenium-chrome-driver\3.141.59\selenium-chrome-driver-3.141.59.jar;C:\Users\DELL\.m2\repository\org\seleniumhq\selenium\selenium-edge-driver\3.141.59\selenium-edge-driver-3.141.59.jar;C:\Users\DELL\.m2\repository\org\seleniumhq\selenium\selenium-firefox-driver\3.141.59\selenium-firefox-driver-3.141.59.jar;C:\Users\DELL\.m2\repository\org\seleniumhq\selenium\selenium-ie-driver\3.141.59\selenium-ie-driver-3.141.59.jar;C:\Users\DELL\.m2\repository\org\seleniumhq\selenium\selenium-opera-driver\3.141.59\selenium-opera-driver-3.141.59.jar;C:\Users\DELL\.m2\repository\org\seleniumhq\selenium\selenium-remote-driver\3.141.59\selenium-remote-driver-3.141.59.jar;C:\Users\DELL\.m2\repository\org\seleniumhq\selenium\selenium-safari-driver\3.141.59\selenium-safari-driver-3.141.59.jar;C:\Users\DELL\.m2\repository\org\seleniumhq\selenium\selenium-support\3.141.59\selenium-support-3.141.59.jar;C:\Users\DELL\.m2\repository\net\bytebuddy\byte-buddy\1.8.15\byte-buddy-1.8.15.jar;C:\Users\DELL\.m2\repository\org\apache\commons\commons-exec\1.3\commons-exec-1.3.jar;C:\Users\DELL\.m2\repository\com\squareup\okhttp3\okhttp\3.11.0\okhttp-3.11.0.jar;C:\Users\DELL\.m2\repository\com\squareup\okio\okio\1.14.0\okio-1.14.0.jar;C:\Users\DELL\.m2\repository\io\github\bonigarcia\webdrivermanager\5.7.0\webdrivermanager-5.7.0.jar;C:\Users\DELL\.m2\repository\com\google\code\gson\gson\2.10.1\gson-2.10.1.jar;C:\Users\DELL\.m2\repository\com\github\docker-java\docker-java\3.3.5\docker-java-3.3.5.jar;C:\Users\DELL\.m2\repository\com\github\docker-java\docker-java-core\3.3.5\docker-java-core-3.3.5.jar;C:\Users\DELL\.m2\repository\com\github\docker-java\docker-java-api\3.3.5\docker-java-api-3.3.5.jar;C:\Users\DELL\.m2\repository\org\bouncycastle\bcpkix-jdk18on\1.76\bcpkix-jdk18on-1.76.jar;C:\Users\DELL\.m2\repository\org\bouncycastle\bcprov-jdk18on\1.76\bcprov-jdk18on-1.76.jar;C:\Users\DELL\.m2\repository\org\bouncycastle\bcutil-jdk18on\1.76\bcutil-jdk18on-1.76.jar;C:\Users\DELL\.m2\repository\org\slf4j\jcl-over-slf4j\1.7.30\jcl-over-slf4j-1.7.30.jar;C:\Users\DELL\.m2\repository\com\github\docker-java\docker-java-transport-httpclient5\3.3.5\docker-java-transport-httpclient5-3.3.5.jar;C:\Users\DELL\.m2\repository\com\github\docker-java\docker-java-transport\3.3.5\docker-java-transport-3.3.5.jar;C:\Users\DELL\.m2\repository\org\brotli\dec\0.1.2\dec-0.1.2.jar;C:\Users\DELL\.m2\repository\org\apache\commons\commons-compress\1.26.0\commons-compress-1.26.0.jar;C:\Users\DELL\.m2\repository\org\apache\httpcomponents\client5\httpclient5\5.2.1\httpclient5-5.2.1.jar;C:\Users\DELL\.m2\repository\org\apache\httpcomponents\core5\httpcore5\5.2\httpcore5-5.2.jar;C:\Users\DELL\.m2\repository\org\apache\httpcomponents\core5\httpcore5-h2\5.2\httpcore5-h2-5.2.jar;C:\Users\DELL\.m2\repository\com\github\luben\zstd-jni\1.5.5-11\zstd-jni-1.5.5-11.jar;C:\Users\DELL\.m2\repository\com\fasterxml\jackson\core\jackson-core\2.10.1\jackson-core-2.10.1.jar;C:\Users\DELL\.m2\repository\com\fasterxml\jackson\core\jackson-databind\2.10.1\jackson-databind-2.10.1.jar;C:\Users\DELL\.m2\repository\com\fasterxml\jackson\core\jackson-annotations\2.10.1\jackson-annotations-2.10.1.jar;C:\Users\DELL\.m2\repository\com\fasterxml\jackson\dataformat\jackson-dataformat-xml\2.10.1\jackson-dataformat-xml-2.10.1.jar;C:\Users\DELL\.m2\repository\com\fasterxml\jackson\module\jackson-module-jaxb-annotations\2.10.1\jackson-module-jaxb-annotations-2.10.1.jar;C:\Users\DELL\.m2\repository\jakarta\xml\bind\jakarta.xml.bind-api\2.3.2\jakarta.xml.bind-api-2.3.2.jar;C:\Users\DELL\.m2\repository\jakarta\activation\jakarta.activation-api\1.2.1\jakarta.activation-api-1.2.1.jar;C:\Users\DELL\.m2\repository\org\codehaus\woodstox\stax2-api\4.2\stax2-api-4.2.jar;C:\Users\DELL\.m2\repository\com\fasterxml\woodstox\woodstox-core\6.0.2\woodstox-core-6.0.2.jar;C:\Users\DELL\.m2\repository\org\jsoup\jsoup\1.11.3\jsoup-1.11.3.jar;C:\Users\DELL\.m2\repository\org\springframework\spring-core\5.3.27\spring-core-5.3.27.jar;C:\Users\DELL\.m2\repository\org\springframework\spring-jcl\5.3.27\spring-jcl-5.3.27.jar;C:\Users\DELL\.m2\repository\org\springframework\spring-web\5.3.27\spring-web-5.3.27.jar;C:\Users\DELL\.m2\repository\org\springframework\spring-beans\5.3.27\spring-beans-5.3.27.jar;C:\Users\DELL\.m2\repository\io\appium\java-client\7.2.0\java-client-7.2.0.jar;C:\Users\DELL\.m2\repository\cglib\cglib\3.2.12\cglib-3.2.12.jar;C:\Users\DELL\.m2\repository\org\ow2\asm\asm\7.1\asm-7.1.jar;C:\Users\DELL\.m2\repository\commons-validator\commons-validator\1.6\commons-validator-1.6.jar;C:\Users\DELL\.m2\repository\commons-beanutils\commons-beanutils\1.9.2\commons-beanutils-1.9.2.jar;C:\Users\DELL\.m2\repository\commons-digester\commons-digester\1.8.1\commons-digester-1.8.1.jar;C:\Users\DELL\.m2\repository\commons-collections\commons-collections\3.2.2\commons-collections-3.2.2.jar;C:\Users\DELL\.m2\repository\org\springframework\spring-context\5.1.8.RELEASE\spring-context-5.1.8.RELEASE.jar;C:\Users\DELL\.m2\repository\org\springframework\spring-aop\5.1.8.RELEASE\spring-aop-5.1.8.RELEASE.jar;C:\Users\DELL\.m2\repository\org\springframework\spring-expression\5.1.8.RELEASE\spring-expression-5.1.8.RELEASE.jar;C:\Users\DELL\.m2\repository\org\aspectj\aspectjweaver\1.9.4\aspectjweaver-1.9.4.jar;C:\Users\DELL\.m2\repository\com\google\guava\guava\27.0-jre\guava-27.0-jre.jar;C:\Users\DELL\.m2\repository\com\google\guava\failureaccess\1.0\failureaccess-1.0.jar;C:\Users\DELL\.m2\repository\com\google\guava\listenablefuture\9999.0-empty-to-avoid-conflict-with-guava\listenablefuture-9999.0-empty-to-avoid-conflict-with-guava.jar;C:\Users\DELL\.m2\repository\com\google\code\findbugs\jsr305\3.0.2\jsr305-3.0.2.jar;C:\Users\DELL\.m2\repository\org\checkerframework\checker-qual\2.5.2\checker-qual-2.5.2.jar;C:\Users\DELL\.m2\repository\com\google\errorprone\error_prone_annotations\2.2.0\error_prone_annotations-2.2.0.jar;C:\Users\DELL\.m2\repository\com\google\j2objc\j2objc-annotations\1.1\j2objc-annotations-1.1.jar;C:\Users\DELL\.m2\repository\org\codehaus\mojo\animal-sniffer-annotations\1.17\animal-sniffer-annotations-1.17.jar;C:\Users\DELL\.m2\repository\com\google\firebase\firebase-admin\5.9.0\firebase-admin-5.9.0.jar;C:\Users\DELL\.m2\repository\com\google\api-client\google-api-client\1.23.0\google-api-client-1.23.0.jar;C:\Users\DELL\.m2\repository\com\google\oauth-client\google-oauth-client\1.23.0\google-oauth-client-1.23.0.jar;C:\Users\DELL\.m2\repository\com\google\http-client\google-http-client-jackson2\1.23.0\google-http-client-jackson2-1.23.0.jar;C:\Users\DELL\.m2\repository\com\google\api-client\google-api-client-gson\1.23.0\google-api-client-gson-1.23.0.jar;C:\Users\DELL\.m2\repository\com\google\http-client\google-http-client-gson\1.23.0\google-http-client-gson-1.23.0.jar;C:\Users\DELL\.m2\repository\com\google\http-client\google-http-client\1.23.0\google-http-client-1.23.0.jar;C:\Users\DELL\.m2\repository\com\google\api\api-common\1.2.0\api-common-1.2.0.jar;C:\Users\DELL\.m2\repository\com\google\auth\google-auth-library-oauth2-http\0.8.0\google-auth-library-oauth2-http-0.8.0.jar;C:\Users\DELL\.m2\repository\com\google\auth\google-auth-library-credentials\0.8.0\google-auth-library-credentials-0.8.0.jar;C:\Users\DELL\.m2\repository\com\google\cloud\google-cloud-storage\1.15.0\google-cloud-storage-1.15.0.jar;C:\Users\DELL\.m2\repository\com\google\cloud\google-cloud-core\1.15.0\google-cloud-core-1.15.0.jar;C:\Users\DELL\.m2\repository\com\google\api\gax\1.16.0\gax-1.16.0.jar;C:\Users\DELL\.m2\repository\com\google\protobuf\protobuf-java-util\3.5.1\protobuf-java-util-3.5.1.jar;C:\Users\DELL\.m2\repository\com\google\api\grpc\proto-google-common-protos\1.0.4\proto-google-common-protos-1.0.4.jar;C:\Users\DELL\.m2\repository\com\google\api\grpc\proto-google-iam-v1\0.1.28\proto-google-iam-v1-0.1.28.jar;C:\Users\DELL\.m2\repository\com\google\cloud\google-cloud-core-http\1.15.0\google-cloud-core-http-1.15.0.jar;C:\Users\DELL\.m2\repository\com\google\http-client\google-http-client-appengine\1.23.0\google-http-client-appengine-1.23.0.jar;C:\Users\DELL\.m2\repository\com\google\http-client\google-http-client-jackson\1.23.0\google-http-client-jackson-1.23.0.jar;C:\Users\DELL\.m2\repository\org\codehaus\jackson\jackson-core-asl\1.9.11\jackson-core-asl-1.9.11.jar;C:\Users\DELL\.m2\repository\com\google\api\gax-httpjson\0.33.0\gax-httpjson-0.33.0.jar;C:\Users\DELL\.m2\repository\com\google\apis\google-api-services-storage\v1-rev114-1.23.0\google-api-services-storage-v1-rev114-1.23.0.jar;C:\Users\DELL\.m2\repository\com\google\cloud\google-cloud-firestore\0.33.0-beta\google-cloud-firestore-0.33.0-beta.jar;C:\Users\DELL\.m2\repository\io\netty\netty-tcnative-boringssl-static\2.0.7.Final\netty-tcnative-boringssl-static-2.0.7.Final.jar;C:\Users\DELL\.m2\repository\com\google\cloud\google-cloud-core-grpc\1.15.0\google-cloud-core-grpc-1.15.0.jar;C:\Users\DELL\.m2\repository\com\google\protobuf\protobuf-java\3.5.1\protobuf-java-3.5.1.jar;C:\Users\DELL\.m2\repository\io\grpc\grpc-protobuf\1.9.0\grpc-protobuf-1.9.0.jar;C:\Users\DELL\.m2\repository\io\grpc\grpc-protobuf-lite\1.9.0\grpc-protobuf-lite-1.9.0.jar;C:\Users\DELL\.m2\repository\io\grpc\grpc-context\1.9.0\grpc-context-1.9.0.jar;C:\Users\DELL\.m2\repository\com\google\api\gax-grpc\1.16.0\gax-grpc-1.16.0.jar;C:\Users\DELL\.m2\repository\com\google\auto\value\auto-value\1.2\auto-value-1.2.jar;C:\Users\DELL\.m2\repository\org\threeten\threetenbp\1.3.3\threetenbp-1.3.3.jar;C:\Users\DELL\.m2\repository\com\google\api\grpc\proto-google-cloud-firestore-v1beta1\0.1.28\proto-google-cloud-firestore-v1beta1-0.1.28.jar;C:\Users\DELL\.m2\repository\io\grpc\grpc-netty\1.9.0\grpc-netty-1.9.0.jar;C:\Users\DELL\.m2\repository\io\grpc\grpc-core\1.9.0\grpc-core-1.9.0.jar;C:\Users\DELL\.m2\repository\com\google\instrumentation\instrumentation-api\0.4.3\instrumentation-api-0.4.3.jar;C:\Users\DELL\.m2\repository\io\opencensus\opencensus-api\0.10.0\opencensus-api-0.10.0.jar;C:\Users\DELL\.m2\repository\io\opencensus\opencensus-contrib-grpc-metrics\0.10.0\opencensus-contrib-grpc-metrics-0.10.0.jar;C:\Users\DELL\.m2\repository\io\netty\netty-codec-http2\4.1.17.Final\netty-codec-http2-4.1.17.Final.jar;C:\Users\DELL\.m2\repository\io\netty\netty-handler-proxy\4.1.17.Final\netty-handler-proxy-4.1.17.Final.jar;C:\Users\DELL\.m2\repository\io\netty\netty-codec-socks\4.1.17.Final\netty-codec-socks-4.1.17.Final.jar;C:\Users\DELL\.m2\repository\io\grpc\grpc-stub\1.9.0\grpc-stub-1.9.0.jar;C:\Users\DELL\.m2\repository\io\grpc\grpc-auth\1.9.0\grpc-auth-1.9.0.jar;C:\Users\DELL\.m2\repository\io\netty\netty-codec-http\4.1.17.Final\netty-codec-http-4.1.17.Final.jar;C:\Users\DELL\.m2\repository\io\netty\netty-codec\4.1.17.Final\netty-codec-4.1.17.Final.jar;C:\Users\DELL\.m2\repository\io\netty\netty-handler\4.1.17.Final\netty-handler-4.1.17.Final.jar;C:\Users\DELL\.m2\repository\io\netty\netty-buffer\4.1.17.Final\netty-buffer-4.1.17.Final.jar;C:\Users\DELL\.m2\repository\io\netty\netty-common\4.1.17.Final\netty-common-4.1.17.Final.jar;C:\Users\DELL\.m2\repository\io\netty\netty-transport\4.1.17.Final\netty-transport-4.1.17.Final.jar;C:\Users\DELL\.m2\repository\io\netty\netty-resolver\4.1.17.Final\netty-resolver-4.1.17.Final.jar;C:\Users\DELL\.m2\repository\net\java\dev\jna\jna-platform\4.0.0\jna-platform-4.0.0.jar;C:\Users\DELL\.m2\repository\com\github\jknack\handlebars\4.1.2\handlebars-4.1.2.jar;C:\Users\DELL\.m2\repository\io\github\sridharbandi\java-a11y\2.1.3\java-a11y-2.1.3.jar;C:\Users\DELL\.m2\repository\org\freemarker\freemarker\2.3.29\freemarker-2.3.29.jar;C:\Users\DELL\.m2\repository\org\apache\commons\commons-text\1.6\commons-text-1.6.jar;C:\Users\DELL\.m2\repository\org\slf4j\slf4j-log4j12\2.0.0-alpha1\slf4j-log4j12-2.0.0-alpha1.jar;C:\Users\DELL\.m2\repository\org\apache\maven\plugins\maven-javadoc-plugin\3.4.1\maven-javadoc-plugin-3.4.1.jar;C:\Users\DELL\.m2\repository\org\apache\maven\maven-core\3.2.5\maven-core-3.2.5.jar;C:\Users\DELL\.m2\repository\org\apache\maven\maven-settings-builder\3.2.5\maven-settings-builder-3.2.5.jar;C:\Users\DELL\.m2\repository\org\apache\maven\maven-repository-metadata\3.2.5\maven-repository-metadata-3.2.5.jar;C:\Users\DELL\.m2\repository\org\apache\maven\maven-model-builder\3.2.5\maven-model-builder-3.2.5.jar;C:\Users\DELL\.m2\repository\org\apache\maven\maven-aether-provider\3.2.5\maven-aether-provider-3.2.5.jar;C:\Users\DELL\.m2\repository\org\eclipse\aether\aether-spi\1.0.0.v20140518\aether-spi-1.0.0.v20140518.jar;C:\Users\DELL\.m2\repository\org\eclipse\aether\aether-impl\1.0.0.v20140518\aether-impl-1.0.0.v20140518.jar;C:\Users\DELL\.m2\repository\org\eclipse\aether\aether-api\1.0.0.v20140518\aether-api-1.0.0.v20140518.jar;C:\Users\DELL\.m2\repository\org\eclipse\aether\aether-util\1.0.0.v20140518\aether-util-1.0.0.v20140518.jar;C:\Users\DELL\.m2\repository\org\eclipse\sisu\org.eclipse.sisu.plexus\0.3.0.M1\org.eclipse.sisu.plexus-0.3.0.M1.jar;C:\Users\DELL\.m2\repository\javax\enterprise\cdi-api\1.0\cdi-api-1.0.jar;C:\Users\DELL\.m2\repository\javax\annotation\jsr250-api\1.0\jsr250-api-1.0.jar;C:\Users\DELL\.m2\repository\org\eclipse\sisu\org.eclipse.sisu.inject\0.3.0.M1\org.eclipse.sisu.inject-0.3.0.M1.jar;C:\Users\DELL\.m2\repository\org\sonatype\sisu\sisu-guice\3.2.3\sisu-guice-3.2.3-no_aop.jar;C:\Users\DELL\.m2\repository\aopalliance\aopalliance\1.0\aopalliance-1.0.jar;C:\Users\DELL\.m2\repository\org\codehaus\plexus\plexus-interpolation\1.21\plexus-interpolation-1.21.jar;C:\Users\DELL\.m2\repository\org\codehaus\plexus\plexus-classworlds\2.5.2\plexus-classworlds-2.5.2.jar;C:\Users\DELL\.m2\repository\org\codehaus\plexus\plexus-component-annotations\1.5.5\plexus-component-annotations-1.5.5.jar;C:\Users\DELL\.m2\repository\org\sonatype\plexus\plexus-sec-dispatcher\1.3\plexus-sec-dispatcher-1.3.jar;C:\Users\DELL\.m2\repository\org\sonatype\plexus\plexus-cipher\1.4\plexus-cipher-1.4.jar;C:\Users\DELL\.m2\repository\org\apache\maven\maven-model\3.2.5\maven-model-3.2.5.jar;C:\Users\DELL\.m2\repository\org\apache\maven\maven-settings\3.2.5\maven-settings-3.2.5.jar;C:\Users\DELL\.m2\repository\org\apache\maven\maven-plugin-api\3.2.5\maven-plugin-api-3.2.5.jar;C:\Users\DELL\.m2\repository\org\apache\maven\maven-artifact\3.2.5\maven-artifact-3.2.5.jar;C:\Users\DELL\.m2\repository\org\apache\maven\reporting\maven-reporting-api\3.1.1\maven-reporting-api-3.1.1.jar;C:\Users\DELL\.m2\repository\org\apache\maven\maven-archiver\3.6.0\maven-archiver-3.6.0.jar;C:\Users\DELL\.m2\repository\org\codehaus\plexus\plexus-io\3.4.0\plexus-io-3.4.0.jar;C:\Users\DELL\.m2\repository\org\codehaus\plexus\plexus-archiver\4.4.0\plexus-archiver-4.4.0.jar;C:\Users\DELL\.m2\repository\org\iq80\snappy\snappy\0.4\snappy-0.4.jar;C:\Users\DELL\.m2\repository\org\tukaani\xz\1.9\xz-1.9.jar;C:\Users\DELL\.m2\repository\org\apache\maven\shared\maven-invoker\3.1.0\maven-invoker-3.1.0.jar;C:\Users\DELL\.m2\repository\org\apache\maven\shared\maven-shared-utils\3.3.3\maven-shared-utils-3.3.3.jar;C:\Users\DELL\.m2\repository\javax\inject\javax.inject\1\javax.inject-1.jar;C:\Users\DELL\.m2\repository\org\apache\maven\shared\maven-common-artifact-filters\3.1.1\maven-common-artifact-filters-3.1.1.jar;C:\Users\DELL\.m2\repository\org\sonatype\sisu\sisu-inject-plexus\1.4.2\sisu-inject-plexus-1.4.2.jar;C:\Users\DELL\.m2\repository\org\sonatype\sisu\sisu-inject-bean\1.4.2\sisu-inject-bean-1.4.2.jar;C:\Users\DELL\.m2\repository\org\sonatype\sisu\sisu-guice\2.1.7\sisu-guice-2.1.7-noaop.jar;C:\Users\DELL\.m2\repository\org\apache\maven\shared\maven-artifact-transfer\0.13.1\maven-artifact-transfer-0.13.1.jar;C:\Users\DELL\.m2\repository\org\apache\maven\doxia\doxia-sink-api\1.11.1\doxia-sink-api-1.11.1.jar;C:\Users\DELL\.m2\repository\org\apache\maven\doxia\doxia-logging-api\1.11.1\doxia-logging-api-1.11.1.jar;C:\Users\DELL\.m2\repository\org\apache\maven\doxia\doxia-site-renderer\1.11.1\doxia-site-renderer-1.11.1.jar;C:\Users\DELL\.m2\repository\org\apache\maven\doxia\doxia-core\1.11.1\doxia-core-1.11.1.jar;C:\Users\DELL\.m2\repository\org\apache\maven\doxia\doxia-decoration-model\1.11.1\doxia-decoration-model-1.11.1.jar;C:\Users\DELL\.m2\repository\org\apache\maven\doxia\doxia-skin-model\1.11.1\doxia-skin-model-1.11.1.jar;C:\Users\DELL\.m2\repository\org\apache\maven\doxia\doxia-module-xhtml\1.11.1\doxia-module-xhtml-1.11.1.jar;C:\Users\DELL\.m2\repository\org\apache\maven\doxia\doxia-module-xhtml5\1.11.1\doxia-module-xhtml5-1.11.1.jar;C:\Users\DELL\.m2\repository\org\codehaus\plexus\plexus-i18n\1.0-beta-10\plexus-i18n-1.0-beta-10.jar;C:\Users\DELL\.m2\repository\org\codehaus\plexus\plexus-container-default\1.0-alpha-30\plexus-container-default-1.0-alpha-30.jar;C:\Users\DELL\.m2\repository\junit\junit\3.8.1\junit-3.8.1.jar;C:\Users\DELL\.m2\repository\org\codehaus\plexus\plexus-velocity\1.2\plexus-velocity-1.2.jar;C:\Users\DELL\.m2\repository\org\apache\velocity\velocity\1.7\velocity-1.7.jar;C:\Users\DELL\.m2\repository\org\apache\velocity\velocity-tools\2.0\velocity-tools-2.0.jar;C:\Users\DELL\.m2\repository\commons-chain\commons-chain\1.1\commons-chain-1.1.jar;C:\Users\DELL\.m2\repository\dom4j\dom4j\1.1\dom4j-1.1.jar;C:\Users\DELL\.m2\repository\oro\oro\2.0.8\oro-2.0.8.jar;C:\Users\DELL\.m2\repository\org\apache\maven\wagon\wagon-provider-api\2.4\wagon-provider-api-2.4.jar;C:\Users\DELL\.m2\repository\com\thoughtworks\qdox\qdox\2.0.1\qdox-2.0.1.jar;C:\Users\DELL\.m2\repository\org\codehaus\plexus\plexus-java\1.1.0\plexus-java-1.1.0.jar;C:\Users\DELL\.m2\repository\org\codehaus\plexus\plexus-utils\3.4.2\plexus-utils-3.4.2.jar;C:\Users\DELL\.m2\repository\org\codehaus\plexus\plexus-interactivity-api\1.1\plexus-interactivity-api-1.1.jar;C:\Users\DELL\.m2\repository\io\rest-assured\json-schema-validator\5.3.0\json-schema-validator-5.3.0.jar;C:\Users\DELL\.m2\repository\com\github\java-json-tools\json-schema-validator\2.2.14\json-schema-validator-2.2.14.jar;C:\Users\DELL\.m2\repository\com\github\java-json-tools\jackson-coreutils-equivalence\1.0\jackson-coreutils-equivalence-1.0.jar;C:\Users\DELL\.m2\repository\com\github\java-json-tools\jackson-coreutils\2.0\jackson-coreutils-2.0.jar;C:\Users\DELL\.m2\repository\com\github\java-json-tools\msg-simple\1.2\msg-simple-1.2.jar;C:\Users\DELL\.m2\repository\com\github\java-json-tools\btf\1.3\btf-1.3.jar;C:\Users\DELL\.m2\repository\com\github\java-json-tools\json-schema-core\1.2.14\json-schema-core-1.2.14.jar;C:\Users\DELL\.m2\repository\com\github\java-json-tools\uri-template\0.10\uri-template-0.10.jar;C:\Users\DELL\.m2\repository\org\mozilla\rhino\1.7.7.2\rhino-1.7.7.2.jar;C:\Users\DELL\.m2\repository\com\sun\mail\mailapi\1.6.2\mailapi-1.6.2.jar;C:\Users\DELL\.m2\repository\joda-time\joda-time\2.10.5\joda-time-2.10.5.jar;C:\Users\DELL\.m2\repository\com\googlecode\libphonenumber\libphonenumber\8.11.1\libphonenumber-8.11.1.jar;C:\Users\DELL\.m2\repository\net\sf\jopt-simple\jopt-simple\5.0.4\jopt-simple-5.0.4.jar;C:\Users\DELL\.m2\repository\com\typesafe\config\1.4.2\config-1.4.2.jar;C:\Users\DELL\.m2\repository\org\springframework\spring-jdbc\5.2.10.RELEASE\spring-jdbc-5.2.10.RELEASE.jar;C:\Users\DELL\.m2\repository\org\springframework\spring-tx\5.2.10.RELEASE\spring-tx-5.2.10.RELEASE.jar;C:\Users\DELL\.m2\repository\com\oracle\database\jdbc\ojdbc10\19.17.0.0\ojdbc10-19.17.0.0.jar;C:\Users\DELL\.m2\repository\com\jayway\jsonpath\json-path\2.7.0\json-path-2.7.0.jar;C:\Users\DELL\.m2\repository\net\minidev\json-smart\2.4.7\json-smart-2.4.7.jar;C:\Users\DELL\.m2\repository\net\minidev\accessors-smart\2.4.7\accessors-smart-2.4.7.jar;C:\Users\DELL\.m2\repository\io\cucumber\cucumber-java\7.20.1\cucumber-java-7.20.1.jar;C:\Users\DELL\.m2\repository\io\cucumber\cucumber-core\7.20.1\cucumber-core-7.20.1.jar;C:\Users\DELL\.m2\repository\io\cucumber\cucumber-gherkin\7.20.1\cucumber-gherkin-7.20.1.jar;C:\Users\DELL\.m2\repository\io\cucumber\cucumber-gherkin-messages\7.20.1\cucumber-gherkin-messages-7.20.1.jar;C:\Users\DELL\.m2\repository\io\cucumber\testng-xml-formatter\0.2.0\testng-xml-formatter-0.2.0.jar;C:\Users\DELL\.m2\repository\io\cucumber\query\12.2.0\query-12.2.0.jar;C:\Users\DELL\.m2\repository\io\cucumber\tag-expressions\6.1.0\tag-expressions-6.1.0.jar;C:\Users\DELL\.m2\repository\io\cucumber\cucumber-expressions\17.1.0\cucumber-expressions-17.1.0.jar;C:\Users\DELL\.m2\repository\io\cucumber\datatable\7.20.1\datatable-7.20.1.jar;C:\Users\DELL\.m2\repository\io\cucumber\cucumber-plugin\7.20.1\cucumber-plugin-7.20.1.jar;C:\Users\DELL\.m2\repository\io\cucumber\docstring\7.20.1\docstring-7.20.1.jar;C:\Users\DELL\.m2\repository\io\cucumber\html-formatter\21.7.0\html-formatter-21.7.0.jar;C:\Users\DELL\.m2\repository\io\cucumber\junit-xml-formatter\0.5.0\junit-xml-formatter-0.5.0.jar;C:\Users\DELL\.m2\repository\io\cucumber\ci-environment\10.0.1\ci-environment-10.0.1.jar;C:\Users\DELL\.m2\repository\org\apiguardian\apiguardian-api\1.1.2\apiguardian-api-1.1.2.jar;C:\Users\DELL\.m2\repository\io\cucumber\cucumber-testng\7.20.1\cucumber-testng-7.20.1.jar;C:\Users\DELL\.m2\repository\io\cucumber\gherkin\29.0.0\gherkin-29.0.0.jar;C:\Users\DELL\.m2\repository\io\cucumber\messages\24.1.0\messages-24.1.0.jar;C:\Users\DELL\.m2\repository\org\testng\testng\7.10.2\testng-7.10.2.jar;C:\Users\DELL\.m2\repository\org\slf4j\slf4j-api\1.7.36\slf4j-api-1.7.36.jar;C:\Users\DELL\.m2\repository\com\beust\jcommander\1.82\jcommander-1.82.jar;C:\Users\DELL\.m2\repository\org\webjars\jquery\3.7.1\jquery-3.7.1.jar;C:\Users\DELL\.m2\repository\org\slf4j\slf4j-simple\2.0.0\slf4j-simple-2.0.0.jar;"/>
    <property name="sun.cpu.endian" value="little"/>
    <property name="user.home" value="C:\Users\DELL"/>
    <property name="user.language" value="es"/>
    <property name="java.specification.vendor" value="Oracle Corporation"/>
    <property name="java.version.date" value="2024-09-17"/>
    <property name="java.home" value="C:\Program Files\Java\jdk-23"/>
    <property name="file.separator" value="\"/>
    <property name="basedir" value="C:\Users\DELL\OneDrive\Documentos\Crowdar - Api testing - Practice\pruebas-api-bdd"/>
    <property name="java.vm.compressedOopsMode" value="Zero based"/>
    <property name="line.separator" value="&#10;"/>
    <property name="java.vm.specification.vendor" value="Oracle Corporation"/>
    <property name="java.specification.name" value="Java Platform API Specification"/>
    <property name="surefire.real.class.path" value="C:\Users\DELL\AppData\Local\Temp\surefire13802119635166898661\surefirebooter-20241017121732301_3.jar"/>
    <property name="user.script" value=""/>
    <property name="sun.management.compiler" value="HotSpot 64-Bit Tiered Compilers"/>
    <property name="java.runtime.version" value="23+37-2369"/>
    <property name="user.name" value="DELL"/>
    <property name="stdout.encoding" value="Cp1252"/>
    <property name="path.separator" value=";"/>
    <property name="os.version" value="10.0"/>
    <property name="java.runtime.name" value="Java(TM) SE Runtime Environment"/>
    <property name="file.encoding" value="UTF-8"/>
    <property name="java.vm.name" value="Java HotSpot(TM) 64-Bit Server VM"/>
    <property name="localRepository" value="C:\Users\DELL\.m2\repository"/>
    <property name="java.vendor.url.bug" value="https://bugreport.java.com/bugreport/"/>
    <property name="java.io.tmpdir" value="C:\Users\DELL\AppData\Local\Temp\"/>
    <property name="java.version" value="23"/>
    <property name="user.dir" value="C:\Users\DELL\OneDrive\Documentos\Crowdar - Api testing - Practice\pruebas-api-bdd"/>
    <property name="os.arch" value="amd64"/>
    <property name="java.vm.specification.name" value="Java Virtual Machine Specification"/>
    <property name="sun.os.patch.level" value=""/>
    <property name="native.encoding" value="Cp1252"/>
    <property name="java.library.path" value="C:\Program Files\Java\jdk-23\bin;C:\Windows\Sun\Java\bin;C:\Windows\system32;C:\Windows;C:\Program Files\Common Files\Oracle\Java\javapath;C:\Windows\system32;C:\Windows;C:\Windows\System32\Wbem;C:\Windows\System32\WindowsPowerShell\v1.0\;C:\Windows\System32\OpenSSH\;C:\Program Files\Maven\apache-maven-3.9.9\bin;C:\Program Files\Git\cmd;C:\Program Files\Docker\Docker\resources\bin;C:\Program Files\Java\jdk-23\bin;C:\Users\DELL\AppData\Local\Microsoft\WindowsApps;C:\Users\DELL\AppData\Local\Programs\Microsoft VS Code\bin;C:\Program Files\Maven\apache-maven-3.9.9\bin;C:\Program Files\Java\jdk-23\bin;;."/>
    <property name="java.vm.info" value="mixed mode, sharing"/>
    <property name="stderr.encoding" value="Cp1252"/>
    <property name="java.vendor" value="Oracle Corporation"/>
    <property name="java.vm.version" value="23+37-2369"/>
    <property name="sun.io.unicode.encoding" value="UnicodeLittle"/>
    <property name="java.class.version" value="67.0"/>
  </properties>
  <testcase name="runScenario[&quot;Validar respuesta de la API&quot;, &quot;API Test&quot;](1)" classname="com.ejemplo.RunnerTest" time="2.564">
    <failure message="1 expectation failed.&#10;Expected status code &lt;300&gt; but was &lt;200&gt;.&#10;" type="java.lang.AssertionError"><![CDATA[java.lang.AssertionError: 
1 expectation failed.
Expected status code <300> but was <200>.

	at java.base/jdk.internal.reflect.DirectConstructorHandleAccessor.newInstance(DirectConstructorHandleAccessor.java:62)
	at java.base/java.lang.reflect.Constructor.newInstanceWithCaller(Constructor.java:501)
	at java.base/java.lang.reflect.Constructor.newInstance(Constructor.java:485)
	at org.codehaus.groovy.reflection.CachedConstructor.invoke(CachedConstructor.java:73)
	at org.codehaus.groovy.runtime.callsite.ConstructorSite$ConstructorSiteNoUnwrapNoCoerce.callConstructor(ConstructorSite.java:108)
	at org.codehaus.groovy.runtime.callsite.CallSiteArray.defaultCallConstructor(CallSiteArray.java:57)
	at org.codehaus.groovy.runtime.callsite.AbstractCallSite.callConstructor(AbstractCallSite.java:263)
	at org.codehaus.groovy.runtime.callsite.AbstractCallSite.callConstructor(AbstractCallSite.java:277)
	at io.restassured.internal.ResponseSpecificationImpl$HamcrestAssertionClosure.validate(ResponseSpecificationImpl.groovy:512)
	at io.restassured.internal.ResponseSpecificationImpl$HamcrestAssertionClosure$validate$1.call(Unknown Source)
	at org.codehaus.groovy.runtime.callsite.CallSiteArray.defaultCall(CallSiteArray.java:45)
	at org.codehaus.groovy.runtime.callsite.AbstractCallSite.call(AbstractCallSite.java:125)
	at org.codehaus.groovy.runtime.callsite.AbstractCallSite.call(AbstractCallSite.java:139)
	at io.restassured.internal.ResponseSpecificationImpl.validateResponseIfRequired(ResponseSpecificationImpl.groovy:696)
	at io.restassured.internal.ResponseSpecificationImpl.this$2$validateResponseIfRequired(ResponseSpecificationImpl.groovy)
	at java.base/jdk.internal.reflect.DirectMethodHandleAccessor.invoke(DirectMethodHandleAccessor.java:103)
	at java.base/java.lang.reflect.Method.invoke(Method.java:580)
	at org.codehaus.groovy.runtime.callsite.PlainObjectMetaMethodSite.doInvoke(PlainObjectMetaMethodSite.java:43)
	at org.codehaus.groovy.runtime.callsite.PogoMetaMethodSite$PogoCachedMethodSiteNoUnwrapNoCoerce.invoke(PogoMetaMethodSite.java:198)
	at org.codehaus.groovy.runtime.callsite.PogoMetaMethodSite.callCurrent(PogoMetaMethodSite.java:62)
	at org.codehaus.groovy.runtime.callsite.CallSiteArray.defaultCallCurrent(CallSiteArray.java:49)
	at org.codehaus.groovy.runtime.callsite.AbstractCallSite.callCurrent(AbstractCallSite.java:171)
	at org.codehaus.groovy.runtime.callsite.AbstractCallSite.callCurrent(AbstractCallSite.java:185)
	at io.restassured.internal.ResponseSpecificationImpl.statusCode(ResponseSpecificationImpl.groovy:135)
	at io.restassured.specification.ResponseSpecification$statusCode$0.callCurrent(Unknown Source)
	at org.codehaus.groovy.runtime.callsite.CallSiteArray.defaultCallCurrent(CallSiteArray.java:49)
	at org.codehaus.groovy.runtime.callsite.AbstractCallSite.callCurrent(AbstractCallSite.java:171)
	at org.codehaus.groovy.runtime.callsite.AbstractCallSite.callCurrent(AbstractCallSite.java:185)
	at io.restassured.internal.ResponseSpecificationImpl.statusCode(ResponseSpecificationImpl.groovy:143)
	at io.restassured.internal.ValidatableResponseOptionsImpl.statusCode(ValidatableResponseOptionsImpl.java:89)
	at com.ejemplo.steps.ApiSteps.elCodigoDeRespuestaDebeSer(ApiSteps.java:26)
	at ✽.el código de respuesta debe ser 300(file:///C:/Users/DELL/OneDrive/Documentos/Crowdar%20-%20Api%20testing%20-%20Practice/pruebas-api-bdd/src/test/resources/features/apiTest.feature:7)
]]></failure>
    <system-out><![CDATA[
@Success
Scenario: Validar respuesta de la API      &amp#27;[90m# src/test/resources/features/apiTest.feature:4&amp#27;[0m
  &amp#27;[32mGiven &amp#27;[0m&amp#27;[32mel endpoint está disponible&amp#27;[0m        &amp#27;[90m# com.ejemplo.steps.ApiSteps.elEndpointEstaDisponible()&amp#27;[0m
  &amp#27;[32mWhen &amp#27;[0m&amp#27;[32mhago una petición GET&amp#27;[0m               &amp#27;[90m# com.ejemplo.steps.ApiSteps.hagoUnaPeticionGET()&amp#27;[0m
  &amp#27;[31mThen &amp#27;[0m&amp#27;[31mel código de respuesta debe ser &amp#27;[0m&amp#27;[31m&amp#27;[1m300&amp#27;[0m &amp#27;[90m# com.ejemplo.steps.ApiSteps.elCodigoDeRespuestaDebeSer(int)&amp#27;[0m
      &amp#27;[31mjava.lang.AssertionError: 1 expectation failed.
Expected status code <300> but was <200>.

	at java.base/jdk.internal.reflect.DirectConstructorHandleAccessor.newInstance(DirectConstructorHandleAccessor.java:62)
	at java.base/java.lang.reflect.Constructor.newInstanceWithCaller(Constructor.java:501)
	at java.base/java.lang.reflect.Constructor.newInstance(Constructor.java:485)
	at org.codehaus.groovy.reflection.CachedConstructor.invoke(CachedConstructor.java:73)
	at org.codehaus.groovy.runtime.callsite.ConstructorSite$ConstructorSiteNoUnwrapNoCoerce.callConstructor(ConstructorSite.java:108)
	at org.codehaus.groovy.runtime.callsite.CallSiteArray.defaultCallConstructor(CallSiteArray.java:57)
	at org.codehaus.groovy.runtime.callsite.AbstractCallSite.callConstructor(AbstractCallSite.java:263)
	at org.codehaus.groovy.runtime.callsite.AbstractCallSite.callConstructor(AbstractCallSite.java:277)
	at io.restassured.internal.ResponseSpecificationImpl$HamcrestAssertionClosure.validate(ResponseSpecificationImpl.groovy:512)
	at io.restassured.internal.ResponseSpecificationImpl$HamcrestAssertionClosure$validate$1.call(Unknown Source)
	at org.codehaus.groovy.runtime.callsite.CallSiteArray.defaultCall(CallSiteArray.java:45)
	at org.codehaus.groovy.runtime.callsite.AbstractCallSite.call(AbstractCallSite.java:125)
	at org.codehaus.groovy.runtime.callsite.AbstractCallSite.call(AbstractCallSite.java:139)
	at io.restassured.internal.ResponseSpecificationImpl.validateResponseIfRequired(ResponseSpecificationImpl.groovy:696)
	at io.restassured.internal.ResponseSpecificationImpl.this$2$validateResponseIfRequired(ResponseSpecificationImpl.groovy)
	at java.base/jdk.internal.reflect.DirectMethodHandleAccessor.invoke(DirectMethodHandleAccessor.java:103)
	at java.base/java.lang.reflect.Method.invoke(Method.java:580)
	at org.codehaus.groovy.runtime.callsite.PlainObjectMetaMethodSite.doInvoke(PlainObjectMetaMethodSite.java:43)
	at org.codehaus.groovy.runtime.callsite.PogoMetaMethodSite$PogoCachedMethodSiteNoUnwrapNoCoerce.invoke(PogoMetaMethodSite.java:198)
	at org.codehaus.groovy.runtime.callsite.PogoMetaMethodSite.callCurrent(PogoMetaMethodSite.java:62)
	at org.codehaus.groovy.runtime.callsite.CallSiteArray.defaultCallCurrent(CallSiteArray.java:49)
	at org.codehaus.groovy.runtime.callsite.AbstractCallSite.callCurrent(AbstractCallSite.java:171)
	at org.codehaus.groovy.runtime.callsite.AbstractCallSite.callCurrent(AbstractCallSite.java:185)
	at io.restassured.internal.ResponseSpecificationImpl.statusCode(ResponseSpecificationImpl.groovy:135)
	at io.restassured.specification.ResponseSpecification$statusCode$0.callCurrent(Unknown Source)
	at org.codehaus.groovy.runtime.callsite.CallSiteArray.defaultCallCurrent(CallSiteArray.java:49)
	at org.codehaus.groovy.runtime.callsite.AbstractCallSite.callCurrent(AbstractCallSite.java:171)
	at org.codehaus.groovy.runtime.callsite.AbstractCallSite.callCurrent(AbstractCallSite.java:185)
	at io.restassured.internal.ResponseSpecificationImpl.statusCode(ResponseSpecificationImpl.groovy:143)
	at io.restassured.internal.ValidatableResponseOptionsImpl.statusCode(ValidatableResponseOptionsImpl.java:89)
	at com.ejemplo.steps.ApiSteps.elCodigoDeRespuestaDebeSer(ApiSteps.java:26)
	at ✽.el código de respuesta debe ser 300(file:///C:/Users/DELL/OneDrive/Documentos/Crowdar%20-%20Api%20testing%20-%20Practice/pruebas-api-bdd/src/test/resources/features/apiTest.feature:7)
&amp#27;[0m
]]></system-out>
    <system-err><![CDATA[SLF4J: Failed to load class "org.slf4j.impl.StaticLoggerBinder".
SLF4J: Defaulting to no-operation (NOP) logger implementation
SLF4J: See http://www.slf4j.org/codes.html#StaticLoggerBinder for further details.
]]></system-err>
  </testcase>
</testsuite>